<?xml version="1.0" encoding="UTF-8"?>
<!-- Generated by org.testng.reporters.JUnitXMLReporter -->
<testsuite ignored="0" hostname="LAPTOP-ARFD36ID" failures="0" tests="5" name="Test" time="15.721" errors="0" timestamp="2021-09-09T14:37:24 IST">
  <testcase classname="com.energion.campaigns.CreateViewTest" name="createview" time="4.065"/>
  <testcase classname="com.energion.campaigns.FindCampaignsTest" name="findCampaign" time="2.392"/>
  <testcase classname="com.energion.campaigns.CreateTaskTest" name="createtask" time="2.219"/>
  <testcase classname="com.energion.campaigns.ViewCampaignsTest" name="viewCampaigns" time="3.104"/>
  <testcase classname="com.energion.campaigns.CreateCampaignTest" name="createCampaigns" time="3.903"/>
</testsuite> <!-- Test -->
