<?xml version="1.0" encoding="UTF-8"?>
<!-- Generated by org.testng.reporters.JUnitXMLReporter -->
<testsuite ignored="0" hostname="LAPTOP-ARFD36ID" failures="0" tests="5" name="Test" time="14.164" errors="0" timestamp="2021-09-04T12:28:33 IST">
  <testcase classname="com.energion.campaigns.CreateViewTest" name="createview" time="2.817"/>
  <testcase classname="com.energion.campaigns.FindCampaignsTest" name="findCampaign" time="2.584"/>
  <testcase classname="com.energion.campaigns.CreateTaskTest" name="createtask" time="2.137"/>
  <testcase classname="com.energion.campaigns.ViewCampaignsTest" name="viewCampaigns" time="2.352"/>
  <testcase classname="com.energion.campaigns.CreateCampaignTest" name="createCampaigns" time="4.232"/>
</testsuite> <!-- Test -->
