<?xml version="1.0" encoding="UTF-8"?>
<testsuite xmlns:xsi="http://www.w3.org/2001/XMLSchema-instance" xsi:schemaLocation="https://maven.apache.org/surefire/maven-surefire-plugin/xsd/surefire-test-report.xsd" name="TestSuite" time="16.348" tests="5" errors="0" skipped="0" failures="0">
  <properties>
[...]
</properties>
  <testcase name="createview" classname="com.energion.campaigns.CreateViewTest" time="4.067"/>
  <testcase name="findCampaign" classname="com.energion.campaigns.FindCampaignsTest" time="2.391"/>
  <testcase name="createtask" classname="com.energion.campaigns.CreateTaskTest" time="2.219"/>
  <testcase name="viewCampaigns" classname="com.energion.campaigns.ViewCampaignsTest" time="3.104"/>
  <testcase name="createCampaigns" classname="com.energion.campaigns.CreateCampaignTest" time="3.904"/>
</testsuite>