<?xml version="1.0" encoding="UTF-8"?>
<testng-results ignored="0" total="1" passed="1" failed="0" skipped="0">
  <reporter-output>
  </reporter-output>
  <suite started-at="2021-09-03T12:24:35 IST" name="Default suite" finished-at="2021-09-03T12:24:43 IST" duration-ms="8317">
    <groups>
    </groups>
    <test started-at="2021-09-03T12:24:35 IST" name="Default test" finished-at="2021-09-03T12:24:43 IST" duration-ms="8317">
      <class name="com.energion.campaigns.CreateViewTest">
        <test-method signature="createview()[pri:0, instance:com.energion.campaigns.CreateViewTest@323b36e0]" started-at="2021-09-03T12:24:35 IST" name="createview" finished-at="2021-09-03T12:24:43 IST" duration-ms="8278" status="PASS">
          <reporter-output>
          </reporter-output>
        </test-method> <!-- createview -->
      </class> <!-- com.energion.campaigns.CreateViewTest -->
    </test> <!-- Default test -->
  </suite> <!-- Default suite -->
</testng-results>
